<?xml version="1.0" encoding="UTF-8"?>
<testsuite xmlns:xsi="http://www.w3.org/2001/XMLSchema-instance" xsi:noNamespaceSchemaLocation="https://maven.apache.org/surefire/maven-surefire-plugin/xsd/surefire-test-report.xsd" name="com.github.trino.querylog.QueryLogListenerFactoryTest" time="0.164" tests="2" errors="0" skipped="0" failures="0">
  <properties>
[...]
</properties>
  <testcase name="getName" classname="com.github.trino.querylog.QueryLogListenerFactoryTest" time="0.108"/>
  <testcase name="createWithoutConfigShouldThrowException" classname="com.github.trino.querylog.QueryLogListenerFactoryTest" time="0.001"/>
</testsuite>